<?xml version="1.0" encoding="UTF-8"?>
<!-- Generated by org.testng.reporters.JUnitReportReporter -->
<testsuite hostname="ShreeRam" failures="0" tests="1" name="Streams.StreamsExample" time="0.018" errors="0" timestamp="2024-10-13T22:18:11 IST" skipped="0">
  <testcase classname="Streams.StreamsExample" name="streamCollect" time="0.018"/>
</testsuite> <!-- Streams.StreamsExample -->
