<?xml version="1.0" encoding="UTF-8"?>
<!-- Generated by org.testng.reporters.JUnitReportReporter -->
<testsuite hostname="ShreeRam" failures="0" tests="1" name="Streams.StreamsLiveDemo" time="4.067" errors="0" timestamp="2024-10-13T23:45:02 IST" skipped="0">
  <testcase classname="Streams.StreamsLiveDemo" name="searchItem" time="4.067"/>
</testsuite> <!-- Streams.StreamsLiveDemo -->
