<?xml version="1.0" encoding="UTF-8"?>
<!-- Generated by org.testng.reporters.JUnitReportReporter -->
<testsuite hostname="ShreeRam" failures="0" tests="1" name="Streams.InvokingMultipleWindows" time="5.899" errors="0" timestamp="2024-10-14T17:59:37 IST" skipped="0">
  <testcase classname="Streams.InvokingMultipleWindows" name="getDimensions" time="5.899"/>
</testsuite> <!-- Streams.InvokingMultipleWindows -->
