<?xml version="1.0" encoding="UTF-8"?>
<!-- Generated by org.testng.reporters.JUnitReportReporter -->
<testsuite hostname="ShreeRam" failures="0" tests="1" name="Streams.RelativeLocatorsExample" time="3.248" errors="0" timestamp="2024-10-14T16:28:28 IST" skipped="0">
  <testcase classname="Streams.RelativeLocatorsExample" name="f" time="3.248"/>
</testsuite> <!-- Streams.RelativeLocatorsExample -->
