<?xml version="1.0" encoding="UTF-8"?>
<!-- Generated by org.testng.reporters.JUnitReportReporter -->
<testsuite hostname="ShreeRam" failures="0" tests="1" name="test.SequenceVerification" time="25.335" errors="0" timestamp="2024-11-28T18:34:28 IST" skipped="0">
  <testcase classname="test.SequenceVerification" name="test" time="25.335"/>
</testsuite> <!-- test.SequenceVerification -->
