<?xml version="1.0" encoding="UTF-8"?>
<!-- Generated by org.testng.reporters.JUnitReportReporter -->
<testsuite hostname="ShreeRam" failures="0" tests="1" name="test.ScrollTest" time="19.660" errors="0" timestamp="2024-12-14T18:46:36 IST" skipped="0">
  <testcase classname="test.ScrollTest" name="test" time="19.660"/>
</testsuite> <!-- test.ScrollTest -->
